error[E0716]: temporary value dropped while borrowed
  --> $DIR/promoted_raw_ptr_ops.rs:4:29
   |
LL |     let x: &'static bool = &(42 as *const i32 == 43 as *const i32);
   |            -------------    ^^^^^^^^^^^^^^^^^^^^^^^^^^^^^^^^^^^^^^ creates a temporary which is freed while still in use
   |            |
   |            type annotation requires that borrow lasts for `'static`
...
LL | }
   | - temporary value is freed at the end of this statement

error[E0716]: temporary value dropped while borrowed
  --> $DIR/promoted_raw_ptr_ops.rs:6:30
   |
LL |     let y: &'static usize = &(&1 as *const i32 as usize + 1);
   |            --------------    ^^^^^^^^^^^^^^^^^^^^^^^^^^^^^^^ creates a temporary which is freed while still in use
   |            |
   |            type annotation requires that borrow lasts for `'static`
...
LL | }
   | - temporary value is freed at the end of this statement

error[E0716]: temporary value dropped while borrowed
  --> $DIR/promoted_raw_ptr_ops.rs:8:28
   |
LL |     let z: &'static i32 = &(unsafe { *(42 as *const i32) });
   |            ------------    ^^^^^^^^^^^^^^^^^^^^^^^^^^^^^^^^ creates a temporary which is freed while still in use
   |            |
   |            type annotation requires that borrow lasts for `'static`
...
LL | }
   | - temporary value is freed at the end of this statement

error[E0716]: temporary value dropped while borrowed
  --> $DIR/promoted_raw_ptr_ops.rs:10:29
   |
LL |     let a: &'static bool = &(main as fn() == main as fn());
   |            -------------    ^^^^^^^^^^^^^^^^^^^^^^^^^^^^^^ creates a temporary which is freed while still in use
   |            |
   |            type annotation requires that borrow lasts for `'static`
LL |
LL | }
   | - temporary value is freed at the end of this statement

error: aborting due to 4 previous errors

For more information about this error, try `rustc --explain E0716`.
