error[E0071]: expected struct, variant or union type, found type parameter `Self`
  --> $DIR/struct-path-self.rs:5:17
   |
LL |         let s = Self {};
   |                 ^^^^ not a struct

error[E0109]: type arguments are not allowed for this type
  --> $DIR/struct-path-self.rs:7:24
   |
LL |         let z = Self::<u8> {};
   |                        ^^ type argument not allowed

error[E0071]: expected struct, variant or union type, found type parameter `Self`
  --> $DIR/struct-path-self.rs:7:17
   |
LL |         let z = Self::<u8> {};
   |                 ^^^^^^^^^^ not a struct

error[E0071]: expected struct, variant or union type, found type parameter `Self`
  --> $DIR/struct-path-self.rs:11:13
   |
LL |             Self { .. } => {}
   |             ^^^^ not a struct

error[E0109]: type arguments are not allowed for this type
  --> $DIR/struct-path-self.rs:20:24
   |
LL |         let z = Self::<u8> {};
   |                        ^^ type argument not allowed

error[E0109]: type arguments are not allowed for this type
  --> $DIR/struct-path-self.rs:30:24
   |
LL |         let z = Self::<u8> {};
   |                        ^^ type argument not allowed

error: aborting due to 6 previous errors

Some errors have detailed explanations: E0071, E0109.
For more information about an error, try `rustc --explain E0071`.
